
Showing logs for build [32mnuxeo-jxlabs-nos-jxl-master-fj478-11[0m stage [32mchart[0m and container [32mstep-credential-initializer-gwhbk[0m
{"level":"info","ts":1591102583.594676,"logger":"fallback-logger","caller":"logging/config.go:69","msg":"Fetch GitHub commit ID from kodata failed: open /var/run/ko/refs/heads/0.8.0-ns-support: no such file or directory"}
{"level":"info","ts":1591102583.5952013,"logger":"fallback-logger","caller":"creds-init/main.go:40","msg":"Credentials initialized."}

Showing logs for build [32mnuxeo-jxlabs-nos-jxl-master-fj478-11[0m stage [32mchart[0m and container [32mstep-working-dir-initializer-whw7w[0m
{"level":"info","ts":1591102584.90744,"logger":"fallback-logger","caller":"logging/config.go:69","msg":"Fetch GitHub commit ID from kodata failed: open /var/run/ko/HEAD: no such file or directory"}
{"level":"info","ts":1591102584.909647,"logger":"fallback-logger","caller":"bash/main.go:64","msg":"Successfully executed command \"sh -c mkdir -p /workspace/source\"; output "}

Showing logs for build [32mnuxeo-jxlabs-nos-jxl-master-fj478-11[0m stage [32mchart[0m and container [32mstep-place-tools[0m

Showing logs for build [32mnuxeo-jxlabs-nos-jxl-master-fj478-11[0m stage [32mchart[0m and container [32mstep-git-source-nuxeo-jxlabs-nos-jxl-master-fj478-cm9zz[0m
{"level":"info","ts":1591102591.0564208,"logger":"fallback-logger","caller":"logging/config.go:69","msg":"Fetch GitHub commit ID from kodata failed: open /var/run/ko/refs/heads/0.8.0-ns-support: no such file or directory"}
{"level":"info","ts":1591102591.4115975,"logger":"fallback-logger","caller":"git/git.go:103","msg":"Successfully cloned https://github.com/nuxeo/**labs-nos-**l.git @ v0.0.183-**labs-nos-helm-x in path /workspace/source"}

Showing logs for build [32mnuxeo-jxlabs-nos-jxl-master-fj478-11[0m stage [32mchart[0m and container [32mstep-git-merge[0m
Using SHAs from PULL_REFS=master:2f46ddb40062504542f0b25f4aad74a7d2b69efe
WARNING: no SHAs to merge, falling back to initial cloned commit

Showing logs for build [32mnuxeo-jxlabs-nos-jxl-master-fj478-11[0m stage [32mchart[0m and container [32mstep-container-build[0m
E0602 12:56:33.195133      10 aws_credentials.go:77] while getting AWS credentials NoCredentialProviders: no valid providers in chain. Deprecated.
	For verbose messaging see aws.Config.CredentialsChainVerboseErrors
[36mINFO[0m[0000] Using dockerignore file: /workspace/source/.dockerignore 
[36mINFO[0m[0000] Retrieving image manifest golang:1.14.2      
E0602 12:56:33.381456      10 metadata.go:154] while reading 'google-dockercfg' metadata: http status code: 404 while fetching url http://metadata.google.internal./computeMetadata/v1/instance/attributes/google-dockercfg
E0602 12:56:33.384207      10 metadata.go:166] while reading 'google-dockercfg-url' metadata: http status code: 404 while fetching url http://metadata.google.internal./computeMetadata/v1/instance/attributes/google-dockercfg-url
[36mINFO[0m[0001] Retrieving image manifest golang:1.14.2      
[36mINFO[0m[0001] Retrieving image manifest gcr.io/build-**-prod/**labs-nos/**l-base:latest 
[36mINFO[0m[0002] Retrieving image manifest gcr.io/build-**-prod/**labs-nos/**l-base:latest 
[36mINFO[0m[0002] Built cross stage deps: map[0:[/out/**l]]    
[36mINFO[0m[0002] Retrieving image manifest golang:1.14.2      
[36mINFO[0m[0002] Retrieving image manifest golang:1.14.2      
[36mINFO[0m[0002] Executing 0 build triggers                   
[36mINFO[0m[0002] Checking for cached layer gcr.io/build-**-prod/**labs-nos/**l/cache:f76b4c9b955e9a30d7c2a6c4f876632e66c04666dfa2c9b65d8bda86c68b03ff... 
[36mINFO[0m[0003] Using caching version of cmd: RUN mkdir /out 
[36mINFO[0m[0003] Checking for cached layer gcr.io/build-**-prod/**labs-nos/**l/cache:fc353d2a888ee2d2578745469df96d50365f81fbaf76d1fed9b46dcac898a819... 
[36mINFO[0m[0003] Using caching version of cmd: RUN mkdir -p /go/src/github.com/jenkins-x-labs 
[36mINFO[0m[0003] Checking for cached layer gcr.io/build-**-prod/**labs-nos/**l/cache:664e8f28d56c99d4bef45aafc51d15705a85a6b88afdf3c7f8245be7c2f39ff0... 
[36mINFO[0m[0003] Using caching version of cmd: RUN git clone https://github.com/nxmatic/**labs-nos-**l.git **l &&   cd **l &&   make linux &&   mv build/linux/**l /out/**l 
[36mINFO[0m[0018] RUN mkdir /out                               
[36mINFO[0m[0018] Found cached layer, extracting to filesystem 
[36mINFO[0m[0018] RUN mkdir -p /go/src/github.com/jenkins-x-labs 
[36mINFO[0m[0018] Found cached layer, extracting to filesystem 
[36mINFO[0m[0018] WORKDIR /go/src/github.com/jenkins-x-labs    
[36mINFO[0m[0018] cmd: workdir                                 
[36mINFO[0m[0018] Changed working directory to /go/src/github.com/jenkins-x-labs 
[36mINFO[0m[0018] No files changed in this command, skipping snapshotting. 
[36mINFO[0m[0018] RUN git clone https://github.com/nxmatic/**labs-nos-**l.git **l &&   cd **l &&   make linux &&   mv build/linux/**l /out/**l 
[36mINFO[0m[0018] Found cached layer, extracting to filesystem 
[36mINFO[0m[0078] Saving file out/**l for later use            
[36mINFO[0m[0078] Deleting filesystem...                       
[36mINFO[0m[0091] Retrieving image manifest gcr.io/build-**-prod/**labs-nos/**l-base:latest 
[36mINFO[0m[0091] Retrieving image manifest gcr.io/build-**-prod/**labs-nos/**l-base:latest 
[36mINFO[0m[0091] Executing 0 build triggers                   
[36mINFO[0m[0091] cmd: EXPOSE                                  
[36mINFO[0m[0091] Adding exposed port: 8080/tcp                
[36mINFO[0m[0091] Checking for cached layer gcr.io/build-**-prod/**labs-nos/**l/cache:77bebcdc49c544ebfd19c69316ba36f68fe07aaae9e8b66dded665f144ed5028... 
[36mINFO[0m[0091] Using caching version of cmd: COPY --from=0 /out/**l /usr/local/bin/**l 
[36mINFO[0m[0091] Skipping unpacking as no commands require it. 
[36mINFO[0m[0091] EXPOSE 8080                                  
[36mINFO[0m[0091] cmd: EXPOSE                                  
[36mINFO[0m[0091] Adding exposed port: 8080/tcp                
[36mINFO[0m[0091] No files changed in this command, skipping snapshotting. 
[36mINFO[0m[0091] COPY --from=0 /out/**l /usr/local/bin/**l    
[36mINFO[0m[0091] Found cached layer, extracting to filesystem 

Showing logs for build [32mnuxeo-jxlabs-nos-jxl-master-fj478-11[0m stage [32mchart[0m and container [32mstep-release-chart[0m
rm -rf charts
rm -rf **l-boot*.tgz
sed -i -e "s/version:.*/version: 0.0.183-**labs-nos-helm-x/" Chart.yaml
helm dependency build
helm lint
==> Linting .

1 chart(s) linted, 0 chart(s) failed
helm package .
Successfully packaged chart and saved it to: /workspace/source/charts/**l-boot/**l-boot-0.0.183-**labs-nos-helm-x.tgz
helm repo add **-labs gs://**labs-nos-charts/
"**-labs" has been added to your repositories
helm gcs push --force **l-boot-0.0.183-**labs-nos-helm-x.tgz **-labs
rm -rf **l-boot*.tgz%

Showing logs for build [32mnuxeo-jxlabs-nos-jxl-master-fj478-11[0m stage [32mchart[0m and container [32mstep-release-binary[0m
rm -rf build release dist
KUBECONFIG=/cluster/connections/not/allowed CGO_ENABLED=0 GO111MODULE=on go test -p 4 --tags=unit -failfast -short ./... -ldflags ""
go: finding github.com/spf13/cobra v1.0.0
go: finding github.com/jenkins-x-labs/step-go-releaser v0.0.18
go: finding github.com/jenkins-x-labs/jwizard v0.0.15
go: finding github.com/pkg/errors v0.9.1
go: finding github.com/jenkins-x/helm-unit-tester v0.0.6
go: finding github.com/stretchr/testify v1.4.0
go: finding github.com/go-delve/delve v1.4.0
go: finding github.com/jenkins-x-labs/trigger-pipeline v0.0.4
go: finding github.com/blang/semver v3.5.1+incompatible
go: finding github.com/jenkins-x-labs/helmboot v0.0.90
go: finding github.com/nxmatic/**labs-nos-yaml-patch v0.0.3
go: finding github.com/google/go-cmp v0.4.0
go: finding github.com/spf13/cobra v0.0.5
go: finding github.com/nuxeo/**labs-nos-** v1.3.981-0.20200509145424-6d90ddbd0bf0
go: finding sigs.k8s.io/yaml v1.1.0
go: finding k8s.io/helm v2.7.2+incompatible
go: finding k8s.io/metrics v0.0.0-20181128195641-3954d62a524d
go: finding github.com/jinzhu/now v0.0.0-20181116074157-8ec929ed50c3
go: finding github.com/hashicorp/go-rootcerts v1.0.0
go: finding github.com/knative/serving v0.7.0
go: finding gopkg.in/yaml.v2 v2.2.2
go: finding gopkg.in/src-d/go-git.v4 v4.5.0
go: finding github.com/jtnord/logrus v1.4.2-0.20190423161236-606ffcaf8f5d
go: finding k8s.io/client-go v0.0.0-20190528110200-4f3abb12cae2
go: finding contrib.go.opencensus.io/exporter/stackdriver v0.9.1
go: finding github.com/Azure/go-autorest/tracing v0.5.0
go: finding github.com/shirou/w32 v0.0.0-20160930032740-bb4de0191aa4
go: finding github.com/mholt/archiver v3.1.1+incompatible
go: finding github.com/jinzhu/gorm v1.9.1
go: finding gopkg.in/yaml.v1 v1.0.0-20140924161607-9f9df34309c0
go: finding github.com/shirou/gopsutil v0.0.0-20180901134234-eb1f1ab16f2e
go: finding github.com/gin-contrib/sse v0.0.0-20170109093832-22d885f9ecc7
go: finding github.com/influxdata/influxdb v0.0.0-20161215172503-049f9b42e9a5
go: finding github.com/qor/qor v0.0.0-20180518090926-f171bc73933e
go: finding github.com/mattbaird/jsonpatch v0.0.0-20171005235357-81af80346b1a
go: finding k8s.io/api v0.0.0-20190528110122-9ad12a4af326
go: finding github.com/fatih/structs v1.1.0
go: finding github.com/operator-framework/operator-sdk v0.6.0
go: finding gopkg.in/gemnasium/logrus-airbrake-hook.v2 v2.1.2
go: finding github.com/Azure/draft v0.15.0
go: finding gopkg.in/square/go-jose.v2 v2.0.0-20180411045311-89060dee6a84
go: finding golang.org/x/tools v0.0.0-20191127201027-ecd32218bd7f
go: finding github.com/cpuguy83/go-md2man v1.0.10
go: finding github.com/xeipuuv/gojsonpointer v0.0.0-20180127040702-4e3ac2762d5f
go: finding github.com/lusis/slack-test v0.0.0-20180109053238-3c758769bfa6
go: finding github.com/cockroachdb/cmux v0.0.0-20170110192607-30d10be49292
go: finding github.com/fsouza/fake-gcs-server v0.0.0-20180612165233-e85be23bdaa8
go: finding github.com/google/uuid v1.1.1
go: finding github.com/andygrunwald/go-gerrit v0.0.0-20181026193842-43cfd7a94eb4
go: finding github.com/go-openapi/jsonreference v0.19.2
go: finding gopkg.in/src-d/go-git.v4 v4.13.1
go: finding github.com/tektoncd/pipeline v0.8.0
go: finding github.com/evanphx/json-patch/v5 v5.0.0
go: finding knative.dev/pkg v0.0.0-20191217184203-cf220a867b3d
go: finding github.com/lusis/go-slackbot v0.0.0-20180109053408-401027ccfef5
go: finding google.golang.org/api v0.0.0-20180603000442-8e296ef26005
go: finding github.com/qor/inflection v0.0.0-20180308033659-04140366298a
go: finding github.com/go-openapi/jsonpointer v0.19.2
go: finding github.com/satori/go.uuid v1.2.1-0.20180103174451-36e9d2ebbde5
go: finding github.com/konsorten/go-windows-terminal-sequences v1.0.1
go: finding gopkg.in/AlecAivazis/survey.v1 v1.8.3
go: finding github.com/chromedp/cdproto v0.0.0-20180720050708-57cf4773008d
go: finding github.com/gobwas/glob v0.2.3
go: finding k8s.io/test-infra v0.0.0-20190131093439-a22cef183a8f
go: finding github.com/opencontainers/image-spec v1.0.1
go: finding golang.org/x/oauth2 v0.0.0-20190604053449-0f29369cfe45
go: finding gopkg.in/go-playground/assert.v1 v1.2.1
go: finding code.gitea.io/sdk v0.0.0-20180702024448-79a281c4e34a
go: finding github.com/evanphx/json-patch v4.5.0+incompatible
go: finding github.com/BurntSushi/toml v0.3.1
go: finding github.com/go-openapi/runtime v0.17.2
go: finding github.com/antham/chyle v1.6.0
go: finding github.com/pierrec/lz4 v2.0.5+incompatible
go: finding github.com/gliderlabs/ssh v0.2.2
go: finding cloud.google.com/go v0.23.0
go: finding github.com/atotto/clipboard v0.1.2
go: finding github.com/cli/cli v0.6.2
go: finding github.com/jetstack/cert-manager v0.5.2
go: finding github.com/denormal/go-gitignore v0.0.0-20180713143441-75ce8f3e513c
go: finding github.com/Pallinder/go-randomdata v1.1.0
go: finding github.com/ryanuber/go-glob v0.0.0-20160226084822-572520ed46db
go: finding github.com/alcortesm/tgz v0.0.0-20161220082320-9c5fe88206d7
go: finding github.com/tidwall/gjson v1.3.2
go: finding github.com/mitchellh/mapstructure v1.1.2
go: finding github.com/rickar/props v0.0.0-20170718221555-0b06aeb2f037
go: finding golang.org/x/crypto v0.0.0-20190123085648-057139ce5d2b
go: code.gitea.io/sdk@v0.0.0-20180702024448-79a281c4e34a: git fetch -f origin refs/heads/*:refs/heads/* refs/tags/*:refs/tags/* in /go/pkg/mod/cache/vcs/7c9a56bf2aa84ee200ceb247bc2ef1dd67797b14adf6738b1fc6315988a227c1: exit status 128:
	remote: Bad Gateway
	fatal: unable to access 'https://gitea.com/gitea/go-sdk/': The requested URL returned error: 502
go: finding github.com/docker/spdystream v0.0.0-20181023171402-6480d4af844c
go: finding github.com/bwmarrin/snowflake v0.0.0-20170221160716-02cc386c183a
go: finding github.com/Netflix/go-expect v0.0.0-20180814212900-124a37274874
go: finding vbom.ml/util v0.0.0-20170409195630-256737ac55c4
go: finding github.com/russross/blackfriday v1.5.2
go: finding github.com/sethvargo/go-password v0.1.2
go: finding github.com/aws/aws-k8s-tester v0.0.0-20190114231546-b411acf57dfe
go: finding github.com/spf13/pflag v1.0.5
go: finding github.com/hinshun/vt10x v0.0.0-20180616224451-1954e6464174
go: finding github.com/nlopes/slack v0.0.0-20180721202243-347a74b1ea30
go: finding github.com/Comcast/kuberhealthy v1.0.2
go: finding github.com/google/shlex v0.0.0-20191202100458-e7afc7fbc510
go: finding github.com/pkg/errors v0.8.1
go: finding github.com/go-ole/go-ole v1.2.1
go: finding github.com/opencontainers/go-digest v1.0.0-rc1
go: finding github.com/aws/aws-sdk-go v1.15.31
go: finding go.opencensus.io v0.22.2
go: finding github.com/PuerkitoBio/urlesc v0.0.0-20170810143723-de5bf2ad4578
go: finding gopkg.in/src-d/go-billy.v4 v4.3.2
go: finding rsc.io/2fa v1.1.0
go: finding golang.org/x/net v0.0.0-20190628185345-da137c7871d7
go: finding gopkg.in/natefinch/lumberjack.v2 v2.0.0-20150622162204-20b71e5b60d7
go: finding github.com/Masterminds/sprig v2.21.0+incompatible
go: finding github.com/anmitsu/go-shlex v0.0.0-20161002113705-648efa622239
go: finding github.com/gfleury/go-bitbucket-v1 v0.0.0-20200320173742-022f4bab9090
go: finding github.com/spf13/pflag v1.0.3
go: finding gopkg.in/check.v1 v1.0.0-20180628173108-788fd7840127
go: finding github.com/stretchr/testify v1.3.0
go: finding github.com/coreos/prometheus-operator v0.29.0
go: finding github.com/rainycape/unidecode v0.0.0-20150907023854-cb7f23ec59be
go: finding gopkg.in/ini.v1 v1.42.0
go: finding github.com/dimchansky/utfbom v1.1.0
go: finding github.com/jpillora/backoff v0.0.0-20180909062703-3050d21c67d7
go: finding github.com/hashicorp/go-version v1.2.0
go: finding github.com/go-openapi/swag v0.17.0
go: finding github.com/stretchr/ob** v0.1.1
go: finding github.com/go-openapi/strfmt v0.17.0
go: finding github.com/konsorten/go-windows-terminal-sequences v1.0.2
go: finding golang.org/x/sys v0.0.0-20180606202747-9527bec2660b
go: finding github.com/jbrukh/bayesian v0.0.0-20161210175230-bf3f261f9a9c
go: finding gocloud.dev v0.9.0
go: finding github.com/mattn/go-colorable v0.0.9
go: finding github.com/slok/kubewebhook v0.2.0
go: finding github.com/go-yaml/yaml v2.1.0+incompatible
go: finding github.com/StackExchange/wmi v0.0.0-20180116203802-5d049714c4a6
go: finding golang.org/x/net v0.0.0-20190620200207-3b0461eec859
go: finding github.com/xi2/xz v0.0.0-20171230120015-48954b6210f8
go: finding github.com/iancoleman/orderedmap v0.0.0-20181121102841-22c6ecc9fe13
go: finding github.com/go-openapi/spec v0.17.0
go: finding github.com/trivago/tgo v1.0.1
go: finding github.com/xanzy/ssh-agent v0.2.1
go: finding github.com/stretchr/testify v1.2.1
go: finding github.com/xanzy/go-gitlab v0.22.1
go: finding github.com/henvic/httpretty v0.0.4
go: finding golang.org/x/tools v0.0.0-20190729092621-ff9f1409240a
go: finding github.com/natefinch/lumberjack v2.0.0+incompatible
go: finding github.com/andygrunwald/go-jira v1.5.0
go: finding github.com/davecgh/go-spew v1.1.1
go: finding github.com/gosimple/slug v1.1.1
go: finding google.golang.org/appengine v1.4.0
go: finding github.com/pkg/browser v0.0.0-20170505125900-c90ca0c84f15
go: finding github.com/google/go-cmp v0.3.0
go: finding github.com/banzaicloud/bank-vaults v0.0.0-20190508130850-5673d28c46bd
go: finding github.com/kylelemons/godebug v1.1.0
go: finding github.com/jenkins-x/go-scm v1.5.76
go: finding github.com/petergtz/pegomock v2.7.0+incompatible
go: finding github.com/AlecAivazis/survey/v2 v2.0.7
go: finding k8s.io/kubernetes v1.11.3
go: finding github.com/go-sql-driver/mysql v1.4.1
go: finding github.com/Jeffail/gabs v1.1.1
go: finding gopkg.in/src-d/go-billy.v4 v4.3.1
go: finding golang.org/x/net v0.0.0-20180530234432-1e491301e022
go: finding github.com/pmezard/go-difflib v1.0.0
go: finding github.com/rollout/rox-go v0.0.0-20181220111955-29ddae74a8c4
go: finding github.com/peterh/liner v0.0.0-20170317030525-88609521dc4b
go: finding github.com/wbrefvem/go-bitbucket v0.0.0-20190128183802-fc08fd046abb
go: finding github.com/flynn/go-shlex v0.0.0-20150515145356-3f9db97f8568
go: finding k8s.io/component-base v0.0.0-20190718183727-0ececfbe9772
go: finding gopkg.in/yaml.v2 v2.2.8
go: finding golang.org/x/sys v0.0.0-20190626221950-04f50cda93cb
go: finding github.com/onsi/ginkgo v1.7.0
go: finding golang.org/x/sync v0.0.0-20190423024810-112230192c58
go: finding github.com/go-logr/zapr v0.1.0
go: finding golang.org/x/crypto v0.0.0-20190701094942-4def268fd1a4
go: finding sigs.k8s.io/testing_frameworks v0.1.1
go: finding google.golang.org/genproto v0.0.0-20190425155659-357c62f0e4bb
go: finding github.com/imdario/mergo v0.3.8
go: finding github.com/hashicorp/vault v1.1.2
go: finding github.com/spf13/cobra v0.0.0-20170417170307-b6cb39589372
go: finding golang.org/x/net v0.0.0-20190108225652-1e06a53dbb7e
go: finding github.com/mattn/go-isatty v0.0.3
go: finding github.com/mitchellh/go-homedir v1.1.0
go: finding github.com/antham/strumt/v2 v2.0.1
go: finding github.com/hashicorp/hcl v1.0.0
go: finding golang.org/x/sync v0.0.0-20181221193216-37e7f081c4d4
go: finding github.com/spf13/cobra v0.0.6
go: finding github.com/golang/protobuf v1.1.0
go: finding cloud.google.com/go v0.34.0
go: finding github.com/go-openapi/validate v0.18.0
go: finding google.golang.org/grpc v1.12.0
go: finding go.starlark.net v0.0.0-20190702223751-32f345186213
go: finding github.com/aliyun/alibaba-cloud-sdk-go v0.0.0-20190308093441-53f19b3c6bee
go: finding gopkg.in/yaml.v3 v3.0.0-20200121175148-a6ecf24a6d71
go: finding gopkg.in/airbrake/gobrake.v2 v2.0.9
go: finding golang.org/x/sys v0.0.0-20190726091711-fc99dfbffb4e
go: finding golang.org/x/net v0.0.0-20200219183655-46282727080f
go: finding github.com/onsi/ginkgo v1.8.0
go: finding github.com/elazarl/goproxy v0.0.0-20181111060418-2ce16c963a8a
go: finding github.com/stretchr/ob** v0.2.0
go: finding github.com/alecthomas/jsonschema v0.0.0-20190504002508-159cbd5dba26
go: finding github.com/go-openapi/spec v0.19.3
go: finding gopkg.in/h2non/gock.v0 v0.1.6
go: finding github.com/davecgh/go-spew v1.1.0
go: finding github.com/stretchr/ob** v0.1.0
go: finding gopkg.in/alecthomas/kingpin.v2 v2.2.6
go: finding github.com/go-openapi/errors v0.17.0
go: finding github.com/rodaine/hclencoder v0.0.0-20180926060551-0680c4321930
go: finding github.com/bazelbuild/buildtools v0.0.0-20180226164855-80c7f0d45d7e
go: finding github.com/aliyun/aliyun-oss-go-sdk v0.0.0-20171213061034-52de7239022c
go: finding github.com/djherbis/atime v1.0.0
go: finding gonum.org/v1/netlib v0.0.0-20190331212654-76723241ea4e
go: finding go.opencensus.io v0.15.0
go: finding github.com/cpuguy83/go-md2man v1.0.8
go: finding golang.org/x/net v0.0.0-20190724013045-ca1201d0de80
go: finding github.com/aws/aws-sdk-go v1.24.0
go: finding github.com/onsi/gomega v1.4.3
go: finding github.com/spf13/viper v1.4.0
go: finding github.com/mattn/go-isatty v0.0.12
go: finding github.com/mattn/go-colorable v0.1.6
go: finding github.com/census-instrumentation/opencensus-proto v0.1.0
go: finding k8s.io/kube-openapi v0.0.0-20190228160746-b3a7cee44a30
go: finding golang.org/x/net v0.0.0-20190613194153-d28f0bde5980
go: finding github.com/aokoli/goutils v1.0.1
go: finding github.com/acarl005/stripansi v0.0.0-20180116102854-5a71ef0e047d
go: finding github.com/jinzhu/inflection v0.0.0-20180308033659-04140366298a
go: finding github.com/kballard/go-shellquote v0.0.0-20180428030007-95032a82bc51
go: finding github.com/alexflint/go-filemutex v0.0.0-20171028004239-d358565f3c3f
go: finding github.com/hashicorp/go-version v1.1.0
go: finding github.com/knative/build v0.7.0
go: finding github.com/appscode/jsonpatch v0.0.0-20190108182946-7c0e3b262f30
go: finding github.com/go-openapi/analysis v0.17.0
go: finding github.com/go-openapi/loads v0.17.0
go: finding golang.org/x/sys v0.0.0-20190710143415-6ec70d6a5542
go: finding github.com/emirpasic/gods v1.12.0
go: finding golang.org/x/crypto v0.0.0-20200219234226-1ad67e1f0ef4
go: finding github.com/cpuguy83/go-md2man/v2 v2.0.0
go: finding github.com/Azure/go-ansiterm v0.0.0-20170929234023-d6e3b3328b78
go: finding gopkg.in/check.v1 v0.0.0-20161208181325-20d25e280405
go: finding contrib.go.opencensus.io/exporter/prometheus v0.1.0
go: finding github.com/gin-gonic/gin v0.0.0-20180512030042-bf7803815b0b
go: finding github.com/viniciuschiele/tarx v0.0.0-20151205142357-6e3da540444d
go: finding github.com/briandowns/spinner v1.7.0
go: finding github.com/kr/pretty v0.1.0
go: finding github.com/deckarep/golang-set v0.0.0-20171013212420-1d4478f51bed
go: finding gopkg.in/go-playground/validator.v8 v8.18.2
go: finding github.com/Netflix/go-expect v0.0.0-20180615182759-c93bf25de8e8
go: finding github.com/inconshreveable/mousetrap v1.0.0
go: finding github.com/jenkins-x/draft-repo v0.0.0-20180417100212-2f66cc518135
go: finding golang.org/x/sys v0.0.0-20180905080454-ebe1bf3edb33
go: finding contrib.go.opencensus.io/exporter/ocagent v0.2.0
go: finding github.com/spf13/pflag v0.0.0-20170417173400-9e4c21054fa1
go: finding github.com/briandowns/spinner v1.9.0
go: finding github.com/sergi/go-diff v1.0.0
go: finding github.com/TV4/logrus-stackdriver-formatter v0.1.0
go: finding github.com/c2h5oh/datasize v0.0.0-20171227191756-4eba002a5eae
go: finding github.com/mattn/go-colorable v0.0.0-20170327083344-ded68f7a9561
go: finding github.com/mitchellh/go-homedir v1.0.0
go: finding github.com/antham/envh v1.3.0
go: finding sigs.k8s.io/controller-runtime v0.1.9
go: finding github.com/Microsoft/go-winio v0.4.6
go: finding github.com/charmbracelet/glamour v0.1.1-0.20200304134224-7e5c90143acc
go: finding github.com/golang/snappy v0.0.0-20170215233205-553a64147049
go: finding github.com/src-d/gcfg v1.4.0
go: finding github.com/pkg/profile v0.0.0-20170413231811-06b906832ed0
go: finding github.com/cosiner/argv v0.0.0-20170225145430-13bacc38a0a5
go: finding github.com/jbenet/go-context v0.0.0-20150711004518-d14ea06fba99
go: finding github.com/denisenkom/go-mssqldb v0.0.0-20190204142019-df6d76eb9289
go: finding github.com/coreos/etcd-operator v0.9.3
go: finding github.com/beevik/etree v1.0.1
go: finding github.com/awslabs/goformation v0.0.0-20190320125420-ac0a17860cf1
go: finding github.com/docker/go-connections v0.3.0
go: finding github.com/xeipuuv/gojsonreference v0.0.0-20180127040603-bd5ef7bd5415
go: finding k8s.io/apimachinery v0.0.0-20190221084156-01f179d85dbc
go: finding github.com/hinshun/vt10x v0.0.0-20180809195222-d55458df857c
go: finding github.com/dlclark/regexp2 v1.2.0
go: finding golang.org/x/arch v0.0.0-20190927153633-4e8777c89be4
go: finding github.com/hashicorp/go-retryablehttp v0.5.3
go: finding google.golang.org/genproto v0.0.0-20180601223552-81158efcc9f2
go: finding github.com/spf13/viper v1.3.2
go: finding github.com/markbates/inflect v1.0.4
go: finding github.com/spf13/viper v1.6.2
go: finding golang.org/x/xerrors v0.0.0-20191204190536-9bdfabe68543
go: finding github.com/mattn/go-colorable v0.1.2
go: finding google.golang.org/appengine v1.0.0
go: finding github.com/ulikunitz/xz v0.5.6
go: finding github.com/microcosm-cc/bluemonday v0.0.0-20180327211928-995366fdf961
go: finding github.com/go-openapi/validate v0.17.0
go: finding github.com/Masterminds/semver v1.4.2
go: finding github.com/antchfx/xpath v1.1.5
go: finding github.com/onsi/gomega v1.5.0
go: finding golang.org/x/xerrors v0.0.0-20190717185122-a985d3407aa7
go: finding github.com/danwakefield/fnmatch v0.0.0-20160403171240-cbb64ac3d964
go: finding github.com/coreos/etcd v3.3.13+incompatible
go: finding github.com/ugorji/go/codec v0.0.0-20181204163529-d75b2dcb6bc8
go: finding github.com/magiconair/properties v1.8.0
go: finding github.com/kr/pty v1.1.1
go: finding sigs.k8s.io/structured-merge-diff v0.0.0-20190302045857-e85c7b244fd2
go: finding golang.org/x/text v0.3.0
go: finding github.com/docker/go-units v0.3.3
go: finding github.com/pelletier/go-buffruneio v0.2.0
go: finding github.com/docker/docker v0.0.0-20171206114025-5e5fadb3c020
go: finding github.com/hashicorp/go-sockaddr v1.0.2
go: finding github.com/docker/distribution v0.0.0-20170726174610-edc3ab29cdff
go: finding k8s.io/apiextensions-apiserver v0.0.0-20190528110544-fa58353d80f3
go: finding github.com/heptio/sonobuoy v0.16.0
go: finding github.com/pborman/uuid v1.2.0
go: finding github.com/xlab/handysort v0.0.0-20150421192137-fb3537ed64a1
go: finding github.com/huandu/xstrings v1.2.0
go: finding github.com/go-openapi/swag v0.19.2
go: finding github.com/baiyubin/aliyun-sts-go-sdk v0.0.0-20180326062324-cfa1a18b161f
go: finding github.com/stoewer/go-strcase v1.0.1
go: finding github.com/globalsign/mgo v0.0.0-20181015135952-eeefdecb41b8
go: finding gotest.tools v2.2.0+incompatible
go: finding golang.org/x/text v0.3.2
go: finding github.com/pquerna/cachecontrol v0.0.0-20171018203845-0dec1b30a021
go: finding github.com/xeipuuv/gojsonschema v1.1.0
go: finding github.com/docker/docker v0.7.3-0.20190327010347-be7ac8be2ae0
go: finding github.com/google/go-containerregistry v0.0.0-20190317040536-ebbba8469d06
go: finding github.com/alecthomas/units v0.0.0-20190924025748-f65c72e2690d
go: finding github.com/Masterminds/goutils v1.1.0
go: finding github.com/armon/go-socks5 v0.0.0-20160902184237-e75332964ef5
go: finding github.com/IBM-Cloud/bluemix-go v0.0.0-20181008063305-d718d474c7c2
go: finding github.com/imdario/mergo v0.3.7
go: finding github.com/google/go-github v17.0.0+incompatible
go: finding github.com/vrischmann/envconfig v1.2.0
go: finding golang.org/x/sync v0.0.0-20180314180146-1d60e4601c6f
go: finding github.com/fatih/color v1.7.0
go: finding github.com/dsnet/compress v0.0.0-20171208185109-cc9eb1d7ad76
go: finding github.com/MakeNowJust/heredoc v0.0.0-20171113091838-e9091a26100e
go: finding github.com/jessevdk/go-flags v1.4.0
go: finding github.com/mattn/go-sqlite3 v1.10.0
go: finding gopkg.in/yaml.v2 v2.2.4
go: finding gopkg.in/warnings.v0 v0.1.2
go: finding github.com/chromedp/chromedp v0.1.1
go: finding github.com/erikstmartin/go-testdb v0.0.0-20160219214506-8d10e4a1bae5
go: finding github.com/pkg/profile v1.2.1
go: finding github.com/golang/glog v0.0.0-20160126235308-23def4e6c14b
go: finding github.com/smartystreets/goconvey v0.0.0-20190306220146-200a235640ff
go: finding github.com/nbio/st v0.0.0-20140626010706-e9e8d9816f32
go: finding github.com/golang/protobuf v1.3.1
go: finding github.com/subchen/go-xmldom v1.1.2-0.20171223153236-c38add8757d0
go: finding github.com/mattn/go-runewidth v0.0.8
go: finding github.com/knative/pkg v0.0.0-20190624141606-d82505e6c5b4
go: finding github.com/hashicorp/go-cleanhttp v0.5.1
go: finding github.com/jenkins-x/golang-jenkins v0.0.0-20180919102630-65b83ad42314
go: finding github.com/coreos/go-oidc v0.0.0-20180117170138-065b426bd416
go: finding github.com/go-openapi/loads v0.19.4
go: finding github.com/Azure/azure-sdk-for-go v21.1.0+incompatible
go: finding github.com/PuerkitoBio/purell v1.1.1
go: finding github.com/stretchr/testify v1.2.2
go: finding github.com/kevinburke/ssh_config v0.0.0-20190630040420-2e50c441276c
go: finding github.com/nwaples/rardecode v1.0.0
go: finding github.com/alecthomas/template v0.0.0-20190718012654-fb15b899a751
go: finding golang.org/x/oauth2 v0.0.0-20180603041954-1e0a3fa8ba9a
go: finding github.com/ghodss/yaml v1.0.0
go: finding github.com/cenkalti/backoff v2.1.1+incompatible
go: finding github.com/mattn/go-zglob v0.0.0-20180607075734-49693fbb3fe3
go: finding gopkg.in/src-d/go-git-fixtures.v3 v3.5.0
go: finding github.com/kevinburke/ssh_config v0.0.0-20190725054713-01f96b0aa0cd
go: finding gopkg.in/yaml.v2 v2.2.1
go: finding github.com/googleapis/gax-go v2.0.0+incompatible
go: finding github.com/mgutz/ansi v0.0.0-20170206155736-9520e82c474b
go: error loading module requirements
make: *** [Makefile:103: test] Error 1
[31m
Pipeline failed on stage 'chart' : container 'step-release-binary'. The execution of the pipeline has stopped.[0m
