
Showing logs for build [32mmeta-nuxeo-jxlabs-nos-jxl-maste-qn978-18[0m stage [32mmeta-pipeline[0m and container [32mstep-credential-initializer-6rc6l[0m
{"level":"info","ts":1591181873.5003104,"logger":"fallback-logger","caller":"logging/config.go:69","msg":"Fetch GitHub commit ID from kodata failed: open /var/run/ko/refs/heads/0.8.0-ns-support: no such file or directory"}
{"level":"info","ts":1591181873.5008988,"logger":"fallback-logger","caller":"creds-init/main.go:40","msg":"Credentials initialized."}

Showing logs for build [32mmeta-nuxeo-jxlabs-nos-jxl-maste-qn978-18[0m stage [32mmeta-pipeline[0m and container [32mstep-working-dir-initializer-d6g62[0m
{"level":"info","ts":1591181874.800602,"logger":"fallback-logger","caller":"logging/config.go:69","msg":"Fetch GitHub commit ID from kodata failed: open /var/run/ko/HEAD: no such file or directory"}
{"level":"info","ts":1591181874.8017547,"logger":"fallback-logger","caller":"bash/main.go:64","msg":"Successfully executed command \"sh -c mkdir -p /workspace/source\"; output "}

Showing logs for build [32mmeta-nuxeo-jxlabs-nos-jxl-maste-qn978-18[0m stage [32mmeta-pipeline[0m and container [32mstep-place-tools[0m

Showing logs for build [32mmeta-nuxeo-jxlabs-nos-jxl-maste-qn978-18[0m stage [32mmeta-pipeline[0m and container [32mstep-git-source-meta-nuxeo-jxlabs-nos-jxl-maste-qn978-x9tzv[0m
{"level":"info","ts":1591181880.9905176,"logger":"fallback-logger","caller":"logging/config.go:69","msg":"Fetch GitHub commit ID from kodata failed: open /var/run/ko/refs/heads/0.8.0-ns-support: no such file or directory"}
{"level":"info","ts":1591181881.4960165,"logger":"fallback-logger","caller":"git/git.go:103","msg":"Successfully cloned https://github.com/nuxeo/**labs-nos-**l.git @ fa7e66dace4fcc64bc3d576baba29d592e9ca2c3 in path /workspace/source"}

Showing logs for build [32mmeta-nuxeo-jxlabs-nos-jxl-maste-qn978-18[0m stage [32mmeta-pipeline[0m and container [32mstep-git-merge[0m
Using SHAs from PULL_REFS=master:fa7e66dace4fcc64bc3d576baba29d592e9ca2c3
WARNING: no SHAs to merge, falling back to initial cloned commit

Showing logs for build [32mmeta-nuxeo-jxlabs-nos-jxl-maste-qn978-18[0m stage [32mmeta-pipeline[0m and container [32mstep-merge-pull-refs[0m
SKIP merge-pull-refs: Nothing to merge

Showing logs for build [32mmeta-nuxeo-jxlabs-nos-jxl-maste-qn978-18[0m stage [32mmeta-pipeline[0m and container [32mstep-create-effective-pipeline[0m
Cloning the Jenkins X versions repo https://github.com/nuxeo/**labs-nos-versions.git with ref refs/heads/master to /builder/home/.**/jenkins-x-versions
Effective pipeline written to jenkins-x-release-effective.yml

Showing logs for build [32mmeta-nuxeo-jxlabs-nos-jxl-maste-qn978-18[0m stage [32mmeta-pipeline[0m and container [32mstep-create-tekton-crds[0m
running command: ./next-version.sh
+++ git rev-parse --is-shallow-repository
++ true
++ git fetch --unshallow
From https://github.com/nuxeo/**labs-nos-**l
 * [new branch]      bump-go-version-03162d4f-631e-11ea-abbc-7634b0a5c9be -> origin/bump-go-version-03162d4f-631e-11ea-abbc-7634b0a5c9be
 * [new branch]      bump-go-version-0d53f44a-5fc6-11ea-93e7-02a0c16062c5 -> origin/bump-go-version-0d53f44a-5fc6-11ea-93e7-02a0c16062c5
 * [new branch]      bump-go-version-286477a5-6397-11ea-8d67-82abf315f7e5 -> origin/bump-go-version-286477a5-6397-11ea-8d67-82abf315f7e5
 * [new branch]      bump-go-version-294c73e8-5e1c-11ea-b074-86ebdbcd1465 -> origin/bump-go-version-294c73e8-5e1c-11ea-b074-86ebdbcd1465
 * [new branch]      bump-go-version-2fdb62ba-743e-11ea-9bfb-6e38859fb617 -> origin/bump-go-version-2fdb62ba-743e-11ea-9bfb-6e38859fb617
 * [new branch]      bump-go-version-35097bc6-5fa9-11ea-a16a-429654f742e7 -> origin/bump-go-version-35097bc6-5fa9-11ea-a16a-429654f742e7
 * [new branch]      bump-go-version-387c2c8e-5c8b-11ea-81eb-aab2a3a347bb -> origin/bump-go-version-387c2c8e-5c8b-11ea-81eb-aab2a3a347bb
 * [new branch]      bump-go-version-44c69d3f-6488-11ea-a79d-1aec5ee00d00 -> origin/bump-go-version-44c69d3f-6488-11ea-a79d-1aec5ee00d00
 * [new branch]      bump-go-version-45397666-59f9-11ea-9f12-fabb6eed8841 -> origin/bump-go-version-45397666-59f9-11ea-9f12-fabb6eed8841
 * [new branch]      bump-go-version-498e91c4-5973-11ea-a671-5a1b8906e313 -> origin/bump-go-version-498e91c4-5973-11ea-a671-5a1b8906e313
 * [new branch]      bump-go-version-508966a6-58c4-11ea-81bd-66b30572851f -> origin/bump-go-version-508966a6-58c4-11ea-81bd-66b30572851f
 * [new branch]      bump-go-version-5257e0b0-7891-11ea-8e1b-5ef46f2703dd -> origin/bump-go-version-5257e0b0-7891-11ea-8e1b-5ef46f2703dd
 * [new branch]      bump-go-version-5fadc0e7-5c62-11ea-a817-4a8fccf526de -> origin/bump-go-version-5fadc0e7-5c62-11ea-a817-4a8fccf526de
 * [new branch]      bump-go-version-68d6b86b-58e9-11ea-bb05-0a98180e31c6 -> origin/bump-go-version-68d6b86b-58e9-11ea-bb05-0a98180e31c6
 * [new branch]      bump-go-version-6bd3db61-704a-11ea-a46d-7eff5d619c58 -> origin/bump-go-version-6bd3db61-704a-11ea-a46d-7eff5d619c58
 * [new branch]      bump-go-version-7813bc38-77d7-11ea-aef5-728e89329b98 -> origin/bump-go-version-7813bc38-77d7-11ea-aef5-728e89329b98
 * [new branch]      bump-go-version-88677062-62e6-11ea-9d1c-f22018ef7675 -> origin/bump-go-version-88677062-62e6-11ea-9d1c-f22018ef7675
 * [new branch]      bump-go-version-88c4138c-5d9d-11ea-bf75-8a41bdf895b0 -> origin/bump-go-version-88c4138c-5d9d-11ea-bf75-8a41bdf895b0
 * [new branch]      bump-go-version-917ec49f-75c5-11ea-a742-26b036a1c4ea -> origin/bump-go-version-917ec49f-75c5-11ea-a742-26b036a1c4ea
 * [new branch]      bump-go-version-91b8f918-783e-11ea-95a7-2690c59bcf65 -> origin/bump-go-version-91b8f918-783e-11ea-95a7-2690c59bcf65
 * [new branch]      bump-go-version-9f2a79d5-7817-11ea-89f4-d24c287110bc -> origin/bump-go-version-9f2a79d5-7817-11ea-89f4-d24c287110bc
 * [new branch]      bump-go-version-9f4d1929-7261-11ea-b159-4688bfb799ca -> origin/bump-go-version-9f4d1929-7261-11ea-b159-4688bfb799ca
 * [new branch]      bump-go-version-a2df4066-6f5f-11ea-a017-3a3cd1c17406 -> origin/bump-go-version-a2df4066-6f5f-11ea-a017-3a3cd1c17406
 * [new branch]      bump-go-version-a6392fd0-70d8-11ea-929b-6e4e53f2c264 -> origin/bump-go-version-a6392fd0-70d8-11ea-929b-6e4e53f2c264
 * [new branch]      bump-go-version-b04d452b-68f5-11ea-a28e-223ed5dccf5e -> origin/bump-go-version-b04d452b-68f5-11ea-a28e-223ed5dccf5e
 * [new branch]      bump-go-version-b26f681d-597e-11ea-bb0d-4245e61d7ddf -> origin/bump-go-version-b26f681d-597e-11ea-bb0d-4245e61d7ddf
 * [new branch]      bump-go-version-b8fef33a-5f7c-11ea-9409-ea7e707b1b2d -> origin/bump-go-version-b8fef33a-5f7c-11ea-9409-ea7e707b1b2d
 * [new branch]      bump-go-version-c7dbf4f9-5d75-11ea-806f-0e144b5f64cb -> origin/bump-go-version-c7dbf4f9-5d75-11ea-806f-0e144b5f64cb
 * [new branch]      bump-go-version-ce90f6a4-5d38-11ea-a365-e69d5172c543 -> origin/bump-go-version-ce90f6a4-5d38-11ea-a365-e69d5172c543
 * [new branch]      bump-go-version-d3283ae8-62cd-11ea-b83a-56f5280c7c9b -> origin/bump-go-version-d3283ae8-62cd-11ea-b83a-56f5280c7c9b
 * [new branch]      bump-go-version-e3739112-644c-11ea-b5b3-d60576050b1e -> origin/bump-go-version-e3739112-644c-11ea-b5b3-d60576050b1e
 * [new branch]      bump-go-version-e3f91c50-58b6-11ea-a127-661127f30676 -> origin/bump-go-version-e3f91c50-58b6-11ea-a127-661127f30676
 * [new branch]      bump-go-version-e59d774e-5873-11ea-a115-3664089c65ac -> origin/bump-go-version-e59d774e-5873-11ea-a115-3664089c65ac
 * [new branch]      bump-go-version-e947589a-78b4-11ea-9dc9-9a046cccb023 -> origin/bump-go-version-e947589a-78b4-11ea-9dc9-9a046cccb023
 * [new branch]      bump-go-version-e9ff4e50-5ec4-11ea-94b0-a2c2cb42562b -> origin/bump-go-version-e9ff4e50-5ec4-11ea-94b0-a2c2cb42562b
 * [new branch]      bump-go-version-eb0921f8-729e-11ea-b487-daa15f40a736 -> origin/bump-go-version-eb0921f8-729e-11ea-b487-daa15f40a736
 * [new branch]      bump-go-version-f0ce17e4-763b-11ea-99fa-2a0940b02a33 -> origin/bump-go-version-f0ce17e4-763b-11ea-99fa-2a0940b02a33
 * [new branch]      bump-regex-version-0459fdda-6446-11ea-a10c-5aac8016c3a9 -> origin/bump-regex-version-0459fdda-6446-11ea-a10c-5aac8016c3a9
 * [new branch]      bump-regex-version-16e4538f-6892-11ea-bfa9-ae5cf724fc73 -> origin/bump-regex-version-16e4538f-6892-11ea-bfa9-ae5cf724fc73
 * [new branch]      bump-regex-version-22ec28b1-70df-11ea-bc8d-96c0ad286a78 -> origin/bump-regex-version-22ec28b1-70df-11ea-bc8d-96c0ad286a78
 * [new branch]      bump-regex-version-3a135c0a-78b5-11ea-82e5-226f71896eb8 -> origin/bump-regex-version-3a135c0a-78b5-11ea-82e5-226f71896eb8
 * [new branch]      bump-regex-version-3b4b0035-744c-11ea-a393-8e33a2a8a6d3 -> origin/bump-regex-version-3b4b0035-744c-11ea-a393-8e33a2a8a6d3
 * [new branch]      bump-regex-version-413b9fd1-6d15-11ea-a49e-2e713ad468bf -> origin/bump-regex-version-413b9fd1-6d15-11ea-a49e-2e713ad468bf
 * [new branch]      bump-regex-version-50516982-6878-11ea-841c-5ed25b43984f -> origin/bump-regex-version-50516982-6878-11ea-841c-5ed25b43984f
 * [new branch]      bump-regex-version-52af796c-6867-11ea-b408-3e5f0ca1be8a -> origin/bump-regex-version-52af796c-6867-11ea-b408-3e5f0ca1be8a
 * [new branch]      bump-regex-version-547ae738-5973-11ea-93f7-5a1b8906e313 -> origin/bump-regex-version-547ae738-5973-11ea-93f7-5a1b8906e313
 * [new branch]      bump-regex-version-57e4bdc9-5d3a-11ea-9496-ead977caef89 -> origin/bump-regex-version-57e4bdc9-5d3a-11ea-9496-ead977caef89
 * [new branch]      bump-regex-version-67a0b6bb-77cf-11ea-802e-227e872bb767 -> origin/bump-regex-version-67a0b6bb-77cf-11ea-802e-227e872bb767
 * [new branch]      bump-regex-version-71b91b04-6e9e-11ea-88a5-2a3f2be6e655 -> origin/bump-regex-version-71b91b04-6e9e-11ea-88a5-2a3f2be6e655
 * [new branch]      bump-regex-version-72f9c30c-78c5-11ea-9b8f-ea694eb28bf2 -> origin/bump-regex-version-72f9c30c-78c5-11ea-9b8f-ea694eb28bf2
 * [new branch]      bump-regex-version-79f10917-7004-11ea-8aab-06f4674a86a9 -> origin/bump-regex-version-79f10917-7004-11ea-8aab-06f4674a86a9
 * [new branch]      bump-regex-version-7cb034ee-6922-11ea-97a6-8291e4d71e35 -> origin/bump-regex-version-7cb034ee-6922-11ea-97a6-8291e4d71e35
 * [new branch]      bump-regex-version-7f4d4587-6f30-11ea-9a94-de733c5b4455 -> origin/bump-regex-version-7f4d4587-6f30-11ea-9a94-de733c5b4455
 * [new branch]      bump-regex-version-84613ad3-704d-11ea-9567-066583914d00 -> origin/bump-regex-version-84613ad3-704d-11ea-9567-066583914d00
 * [new branch]      bump-regex-version-88cc58fa-6477-11ea-a946-e2120b3d43fc -> origin/bump-regex-version-88cc58fa-6477-11ea-a946-e2120b3d43fc
 * [new branch]      bump-regex-version-93760367-6933-11ea-a774-168bb7409e05 -> origin/bump-regex-version-93760367-6933-11ea-a774-168bb7409e05
 * [new branch]      bump-regex-version-99b426d3-646d-11ea-8f81-1229cf1e9f7f -> origin/bump-regex-version-99b426d3-646d-11ea-8f81-1229cf1e9f7f
 * [new branch]      bump-regex-version-a88dcc48-6f60-11ea-847e-d665e726dff9 -> origin/bump-regex-version-a88dcc48-6f60-11ea-847e-d665e726dff9
 * [new branch]      bump-regex-version-a88e3330-5f87-11ea-b21c-d24ba0259375 -> origin/bump-regex-version-a88e3330-5f87-11ea-b21c-d24ba0259375
 * [new branch]      bump-regex-version-bcf69d1a-6d25-11ea-b42d-aa69148cde89 -> origin/bump-regex-version-bcf69d1a-6d25-11ea-b42d-aa69148cde89
 * [new branch]      bump-regex-version-bd616df4-6f22-11ea-901c-066ffee8b89c -> origin/bump-regex-version-bd616df4-6f22-11ea-901c-066ffee8b89c
 * [new branch]      bump-regex-version-d43dc669-6486-11ea-8bed-0a17313bb708 -> origin/bump-regex-version-d43dc669-6486-11ea-8bed-0a17313bb708
 * [new branch]      bump-regex-version-d928524e-7839-11ea-ac70-f6fdba60351c -> origin/bump-regex-version-d928524e-7839-11ea-ac70-f6fdba60351c
 * [new branch]      bump-regex-version-fde623c0-68f1-11ea-843f-c2ab9fff3baf -> origin/bump-regex-version-fde623c0-68f1-11ea-843f-c2ab9fff3baf
 * [new branch]      bump-regex-version-fe931538-725d-11ea-bc42-5abc53c0282d -> origin/bump-regex-version-fe931538-725d-11ea-bc42-5abc53c0282d
 * [new branch]      bump-regex-version-feaf0869-685f-11ea-9ee2-baecc6b4110a -> origin/bump-regex-version-feaf0869-685f-11ea-9ee2-baecc6b4110a
 * [new branch]      changes           -> origin/changes
 * [new branch]      chgang            -> origin/chgang
 * [new branch]      gh-pages          -> origin/gh-pages
 * [new branch]      jstrachan-patch-1 -> origin/jstrachan-patch-1
 * [new branch]      **labs-nos        -> origin/**labs-nos
 * [new branch]      master            -> origin/master
 * [new branch]      rawlingsj-patch-1 -> origin/rawlingsj-patch-1
 * [new tag]         **l-boot-0.0.183-dev+ad3bc0e -> **l-boot-0.0.183-dev+ad3bc0e
 * [new tag]         **l-boot-0.0.183-**labs.nos.staging.0d3d4ce-dev.327e939 -> **l-boot-0.0.183-**labs.nos.staging.0d3d4ce-dev.327e939
 * [new tag]         v0.0.183          -> v0.0.183
++ git fetch origin --tags
From https://github.com/nuxeo/**labs-nos-**l
 * [new tag]         v0.0.1                     -> v0.0.1
 * [new tag]         v0.0.10                    -> v0.0.10
 * [new tag]         v0.0.100                   -> v0.0.100
 * [new tag]         v0.0.101                   -> v0.0.101
 * [new tag]         v0.0.102                   -> v0.0.102
 * [new tag]         v0.0.103                   -> v0.0.103
 * [new tag]         v0.0.104                   -> v0.0.104
 * [new tag]         v0.0.105                   -> v0.0.105
 * [new tag]         v0.0.106                   -> v0.0.106
 * [new tag]         v0.0.107                   -> v0.0.107
 * [new tag]         v0.0.108                   -> v0.0.108
 * [new tag]         v0.0.109                   -> v0.0.109
 * [new tag]         v0.0.11                    -> v0.0.11
 * [new tag]         v0.0.110                   -> v0.0.110
 * [new tag]         v0.0.111                   -> v0.0.111
 * [new tag]         v0.0.112                   -> v0.0.112
 * [new tag]         v0.0.113                   -> v0.0.113
 * [new tag]         v0.0.114                   -> v0.0.114
 * [new tag]         v0.0.115                   -> v0.0.115
 * [new tag]         v0.0.116                   -> v0.0.116
 * [new tag]         v0.0.117                   -> v0.0.117
 * [new tag]         v0.0.118                   -> v0.0.118
 * [new tag]         v0.0.119                   -> v0.0.119
 * [new tag]         v0.0.12                    -> v0.0.12
 * [new tag]         v0.0.120                   -> v0.0.120
 * [new tag]         v0.0.121                   -> v0.0.121
 * [new tag]         v0.0.122                   -> v0.0.122
 * [new tag]         v0.0.123                   -> v0.0.123
 * [new tag]         v0.0.124                   -> v0.0.124
 * [new tag]         v0.0.125                   -> v0.0.125
 * [new tag]         v0.0.126                   -> v0.0.126
 * [new tag]         v0.0.127                   -> v0.0.127
 * [new tag]         v0.0.128                   -> v0.0.128
 * [new tag]         v0.0.129                   -> v0.0.129
 * [new tag]         v0.0.13                    -> v0.0.13
 * [new tag]         v0.0.130                   -> v0.0.130
 * [new tag]         v0.0.131                   -> v0.0.131
 * [new tag]         v0.0.132                   -> v0.0.132
 * [new tag]         v0.0.133                   -> v0.0.133
 * [new tag]         v0.0.134                   -> v0.0.134
 * [new tag]         v0.0.135                   -> v0.0.135
 * [new tag]         v0.0.136                   -> v0.0.136
 * [new tag]         v0.0.137                   -> v0.0.137
 * [new tag]         v0.0.138                   -> v0.0.138
 * [new tag]         v0.0.139                   -> v0.0.139
 * [new tag]         v0.0.14                    -> v0.0.14
 * [new tag]         v0.0.140                   -> v0.0.140
 * [new tag]         v0.0.141                   -> v0.0.141
 * [new tag]         v0.0.142                   -> v0.0.142
 * [new tag]         v0.0.143                   -> v0.0.143
 * [new tag]         v0.0.144                   -> v0.0.144
 * [new tag]         v0.0.145                   -> v0.0.145
 * [new tag]         v0.0.146                   -> v0.0.146
 * [new tag]         v0.0.147                   -> v0.0.147
 * [new tag]         v0.0.148                   -> v0.0.148
 * [new tag]         v0.0.149                   -> v0.0.149
 * [new tag]         v0.0.15                    -> v0.0.15
 * [new tag]         v0.0.150                   -> v0.0.150
 * [new tag]         v0.0.151                   -> v0.0.151
 * [new tag]         v0.0.152                   -> v0.0.152
 * [new tag]         v0.0.153                   -> v0.0.153
 * [new tag]         v0.0.154                   -> v0.0.154
 * [new tag]         v0.0.155                   -> v0.0.155
 * [new tag]         v0.0.156                   -> v0.0.156
 * [new tag]         v0.0.157                   -> v0.0.157
 * [new tag]         v0.0.158                   -> v0.0.158
 * [new tag]         v0.0.159                   -> v0.0.159
 * [new tag]         v0.0.16                    -> v0.0.16
 * [new tag]         v0.0.160                   -> v0.0.160
 * [new tag]         v0.0.161                   -> v0.0.161
 * [new tag]         v0.0.162                   -> v0.0.162
 * [new tag]         v0.0.163                   -> v0.0.163
 * [new tag]         v0.0.164                   -> v0.0.164
 * [new tag]         v0.0.165                   -> v0.0.165
 * [new tag]         v0.0.166                   -> v0.0.166
 * [new tag]         v0.0.167                   -> v0.0.167
 * [new tag]         v0.0.168                   -> v0.0.168
 * [new tag]         v0.0.169                   -> v0.0.169
 * [new tag]         v0.0.17                    -> v0.0.17
 * [new tag]         v0.0.170                   -> v0.0.170
 * [new tag]         v0.0.171                   -> v0.0.171
 * [new tag]         v0.0.172                   -> v0.0.172
 * [new tag]         v0.0.173                   -> v0.0.173
 * [new tag]         v0.0.174                   -> v0.0.174
 * [new tag]         v0.0.175                   -> v0.0.175
 * [new tag]         v0.0.176                   -> v0.0.176
 * [new tag]         v0.0.177                   -> v0.0.177
 * [new tag]         v0.0.178                   -> v0.0.178
 * [new tag]         v0.0.179                   -> v0.0.179
 * [new tag]         v0.0.18                    -> v0.0.18
 * [new tag]         v0.0.180                   -> v0.0.180
 * [new tag]         v0.0.181                   -> v0.0.181
 * [new tag]         v0.0.182                   -> v0.0.182
 * [new tag]         v0.0.183-**labs-nos-helm-x -> v0.0.183-**labs-nos-helm-x
 * [new tag]         v0.0.184                   -> v0.0.184
 * [new tag]         v0.0.185                   -> v0.0.185
 * [new tag]         v0.0.186                   -> v0.0.186
 * [new tag]         v0.0.187                   -> v0.0.187
 * [new tag]         v0.0.188                   -> v0.0.188
 * [new tag]         v0.0.189                   -> v0.0.189
 * [new tag]         v0.0.19                    -> v0.0.19
 * [new tag]         v0.0.190                   -> v0.0.190
 * [new tag]         v0.0.191                   -> v0.0.191
 * [new tag]         v0.0.192                   -> v0.0.192
 * [new tag]         v0.0.193                   -> v0.0.193
 * [new tag]         v0.0.194                   -> v0.0.194
 * [new tag]         v0.0.195                   -> v0.0.195
 * [new tag]         v0.0.196                   -> v0.0.196
 * [new tag]         v0.0.197                   -> v0.0.197
 * [new tag]         v0.0.198                   -> v0.0.198
 * [new tag]         v0.0.199                   -> v0.0.199
 * [new tag]         v0.0.2                     -> v0.0.2
 * [new tag]         v0.0.20                    -> v0.0.20
 * [new tag]         v0.0.200-**labs-nos        -> v0.0.200-**labs-nos
 * [new tag]         v0.0.201-**labs-nos        -> v0.0.201-**labs-nos
 * [new tag]         v0.0.21                    -> v0.0.21
 * [new tag]         v0.0.22                    -> v0.0.22
 * [new tag]         v0.0.23                    -> v0.0.23
 * [new tag]         v0.0.24                    -> v0.0.24
 * [new tag]         v0.0.25                    -> v0.0.25
 * [new tag]         v0.0.26                    -> v0.0.26
 * [new tag]         v0.0.27                    -> v0.0.27
 * [new tag]         v0.0.28                    -> v0.0.28
 * [new tag]         v0.0.29                    -> v0.0.29
 * [new tag]         v0.0.3                     -> v0.0.3
 * [new tag]         v0.0.30                    -> v0.0.30
 * [new tag]         v0.0.31                    -> v0.0.31
 * [new tag]         v0.0.32                    -> v0.0.32
 * [new tag]         v0.0.33                    -> v0.0.33
 * [new tag]         v0.0.34                    -> v0.0.34
 * [new tag]         v0.0.35                    -> v0.0.35
 * [new tag]         v0.0.36                    -> v0.0.36
 * [new tag]         v0.0.37                    -> v0.0.37
 * [new tag]         v0.0.38                    -> v0.0.38
 * [new tag]         v0.0.39                    -> v0.0.39
 * [new tag]         v0.0.4                     -> v0.0.4
 * [new tag]         v0.0.40                    -> v0.0.40
 * [new tag]         v0.0.41                    -> v0.0.41
 * [new tag]         v0.0.42                    -> v0.0.42
 * [new tag]         v0.0.43                    -> v0.0.43
 * [new tag]         v0.0.44                    -> v0.0.44
 * [new tag]         v0.0.45                    -> v0.0.45
 * [new tag]         v0.0.46                    -> v0.0.46
 * [new tag]         v0.0.47                    -> v0.0.47
 * [new tag]         v0.0.48                    -> v0.0.48
 * [new tag]         v0.0.49                    -> v0.0.49
 * [new tag]         v0.0.5                     -> v0.0.5
 * [new tag]         v0.0.50                    -> v0.0.50
 * [new tag]         v0.0.51                    -> v0.0.51
 * [new tag]         v0.0.52                    -> v0.0.52
 * [new tag]         v0.0.53                    -> v0.0.53
 * [new tag]         v0.0.54                    -> v0.0.54
 * [new tag]         v0.0.55                    -> v0.0.55
 * [new tag]         v0.0.56                    -> v0.0.56
 * [new tag]         v0.0.57                    -> v0.0.57
 * [new tag]         v0.0.58                    -> v0.0.58
 * [new tag]         v0.0.59                    -> v0.0.59
 * [new tag]         v0.0.6                     -> v0.0.6
 * [new tag]         v0.0.60                    -> v0.0.60
 * [new tag]         v0.0.61                    -> v0.0.61
 * [new tag]         v0.0.62                    -> v0.0.62
 * [new tag]         v0.0.63                    -> v0.0.63
 * [new tag]         v0.0.64                    -> v0.0.64
 * [new tag]         v0.0.65                    -> v0.0.65
 * [new tag]         v0.0.66                    -> v0.0.66
 * [new tag]         v0.0.67                    -> v0.0.67
 * [new tag]         v0.0.68                    -> v0.0.68
 * [new tag]         v0.0.69                    -> v0.0.69
 * [new tag]         v0.0.7                     -> v0.0.7
 * [new tag]         v0.0.70                    -> v0.0.70
 * [new tag]         v0.0.71                    -> v0.0.71
 * [new tag]         v0.0.72                    -> v0.0.72
 * [new tag]         v0.0.73                    -> v0.0.73
 * [new tag]         v0.0.74                    -> v0.0.74
 * [new tag]         v0.0.75                    -> v0.0.75
 * [new tag]         v0.0.76                    -> v0.0.76
 * [new tag]         v0.0.77                    -> v0.0.77
 * [new tag]         v0.0.78                    -> v0.0.78
 * [new tag]         v0.0.79                    -> v0.0.79
 * [new tag]         v0.0.8                     -> v0.0.8
 * [new tag]         v0.0.80                    -> v0.0.80
 * [new tag]         v0.0.81                    -> v0.0.81
 * [new tag]         v0.0.82                    -> v0.0.82
 * [new tag]         v0.0.83                    -> v0.0.83
 * [new tag]         v0.0.84                    -> v0.0.84
 * [new tag]         v0.0.85                    -> v0.0.85
 * [new tag]         v0.0.86                    -> v0.0.86
 * [new tag]         v0.0.87                    -> v0.0.87
 * [new tag]         v0.0.88                    -> v0.0.88
 * [new tag]         v0.0.89                    -> v0.0.89
 * [new tag]         v0.0.9                     -> v0.0.9
 * [new tag]         v0.0.90                    -> v0.0.90
 * [new tag]         v0.0.91                    -> v0.0.91
 * [new tag]         v0.0.92                    -> v0.0.92
 * [new tag]         v0.0.93                    -> v0.0.93
 * [new tag]         v0.0.94                    -> v0.0.94
 * [new tag]         v0.0.95                    -> v0.0.95
 * [new tag]         v0.0.96                    -> v0.0.96
 * [new tag]         v0.0.97                    -> v0.0.97
 * [new tag]         v0.0.98                    -> v0.0.98
 * [new tag]         v0.0.99                    -> v0.0.99
+++ git describe --abbrev=0 '--match=v[0-9]*.[0-9]*.[0-9]*[!-]*'
++ up=v0.0.183
+++ git describe --abbrev=0 --tags '--match=v0.0.183-**labs-nos-[0-9]*'
++ last=
++ '[' 128 -eq 0 ']'
++ next=1
++ version=v0.0.183-**labs-nos-1
+++ expr v0.0.183-**labs-nos-1 : 'v\(.*\)'
++ echo 0.0.183-**labs-nos-1
++ git tag v0.0.183-**labs-nos-1
++ git push origin v0.0.183-**labs-nos-1
To https://github.com/nuxeo/**labs-nos-**l.git
 * [new tag]         v0.0.183-**labs-nos-1 -> v0.0.183-**labs-nos-1

running command: ** step tag --version \$(cat VERSION)
Updating chart version in charts/**l-boot/Chart.yaml to 0.0.183-**labs-nos-1
Updating repository in charts/**l-boot/values.yaml to gcr.io/build-**-prod/**labs-nos-master/nuxeo/**labs-nos-**l
Updating tag in charts/**l-boot/values.yaml to 0.0.183-**labs-nos-1
error: Have you set up a git credential helper? See https://help.github.com/articles/caching-your-github-password-in-git/
: git output: To https://github.com/nuxeo/**labs-nos-**l.git
 ! [rejected]        v0.0.183-**labs-nos-1 -> v0.0.183-**labs-nos-1 (already exists)
error: failed to push some refs to 'https://github.com/nuxeo/**labs-nos-**l.git'
hint: Updates were rejected because the tag already exists in the remote.: failed to run 'git push origin v0.0.183-**labs-nos-1' command in directory '', output: 'To https://github.com/nuxeo/**labs-nos-**l.git
 ! [rejected]        v0.0.183-**labs-nos-1 -> v0.0.183-**labs-nos-1 (already exists)
error: failed to push some refs to 'https://github.com/nuxeo/**labs-nos-**l.git'
hint: Updates were rejected because the tag already exists in the remote.'
error: failed to set the version on release pipelines: failed to run '/bin/sh -c ** step tag --version $(cat VERSION)' command in directory '/workspace/source', output: ''
[31m
Pipeline failed on stage 'meta-pipeline' : container 'step-create-tekton-crds'. The execution of the pipeline has stopped.[0m
