
Showing logs for build [32mmeta-nuxeo-jxlabs-nos-jxl-maste-4nckm-21[0m stage [32mmeta-pipeline[0m and container [32mstep-credential-initializer-fxjgg[0m
{"level":"info","ts":1591099804.4724715,"logger":"fallback-logger","caller":"logging/config.go:69","msg":"Fetch GitHub commit ID from kodata failed: open /var/run/ko/refs/heads/0.8.0-ns-support: no such file or directory"}
{"level":"info","ts":1591099804.472905,"logger":"fallback-logger","caller":"creds-init/main.go:40","msg":"Credentials initialized."}

Showing logs for build [32mmeta-nuxeo-jxlabs-nos-jxl-maste-4nckm-21[0m stage [32mmeta-pipeline[0m and container [32mstep-working-dir-initializer-vmptv[0m
{"level":"info","ts":1591099805.4320383,"logger":"fallback-logger","caller":"logging/config.go:69","msg":"Fetch GitHub commit ID from kodata failed: open /var/run/ko/HEAD: no such file or directory"}
{"level":"info","ts":1591099805.433089,"logger":"fallback-logger","caller":"bash/main.go:64","msg":"Successfully executed command \"sh -c mkdir -p /workspace/source\"; output "}

Showing logs for build [32mmeta-nuxeo-jxlabs-nos-jxl-maste-4nckm-21[0m stage [32mmeta-pipeline[0m and container [32mstep-place-tools[0m

Showing logs for build [32mmeta-nuxeo-jxlabs-nos-jxl-maste-4nckm-21[0m stage [32mmeta-pipeline[0m and container [32mstep-git-source-meta-nuxeo-jxlabs-nos-jxl-maste-4nckm-6zslf[0m
{"level":"info","ts":1591099810.539382,"logger":"fallback-logger","caller":"logging/config.go:69","msg":"Fetch GitHub commit ID from kodata failed: open /var/run/ko/refs/heads/0.8.0-ns-support: no such file or directory"}
{"level":"info","ts":1591099811.9702613,"logger":"fallback-logger","caller":"git/git.go:103","msg":"Successfully cloned https://github.com/nuxeo/**labs-nos-**l.git @ 4f153e0cb05e7d11e4fff60f490ef70246f5fba2 in path /workspace/source"}

Showing logs for build [32mmeta-nuxeo-jxlabs-nos-jxl-maste-4nckm-21[0m stage [32mmeta-pipeline[0m and container [32mstep-git-merge[0m
Using SHAs from PULL_REFS=master:4f153e0cb05e7d11e4fff60f490ef70246f5fba2
WARNING: no SHAs to merge, falling back to initial cloned commit

Showing logs for build [32mmeta-nuxeo-jxlabs-nos-jxl-maste-4nckm-21[0m stage [32mmeta-pipeline[0m and container [32mstep-merge-pull-refs[0m
SKIP merge-pull-refs: Nothing to merge

Showing logs for build [32mmeta-nuxeo-jxlabs-nos-jxl-maste-4nckm-21[0m stage [32mmeta-pipeline[0m and container [32mstep-create-effective-pipeline[0m
Cloning the Jenkins X versions repo https://github.com/nuxeo/**labs-nos-versions.git with ref refs/heads/master to /builder/home/.**/jenkins-x-versions
Effective pipeline written to jenkins-x-release-effective.yml

Showing logs for build [32mmeta-nuxeo-jxlabs-nos-jxl-maste-4nckm-21[0m stage [32mmeta-pipeline[0m and container [32mstep-create-tekton-crds[0m
running command: ./next-version.sh
/usr/bin/env: bash -ex: No such file or directory
error: failed to set the version on release pipelines: failed to run '/bin/sh -c ./next-version.sh' command in directory '/workspace/source', output: ''
[31m
Pipeline failed on stage 'meta-pipeline' : container 'step-create-tekton-crds'. The execution of the pipeline has stopped.[0m
