
Showing logs for build [32mmeta-nuxeo-jxlabs-nos-jxl-maste-zwp4m-22[0m stage [32mmeta-pipeline[0m and container [32mstep-credential-initializer-bbfxd[0m
{"level":"info","ts":1591099879.846301,"logger":"fallback-logger","caller":"logging/config.go:69","msg":"Fetch GitHub commit ID from kodata failed: open /var/run/ko/refs/heads/0.8.0-ns-support: no such file or directory"}
{"level":"info","ts":1591099879.8468149,"logger":"fallback-logger","caller":"creds-init/main.go:40","msg":"Credentials initialized."}

Showing logs for build [32mmeta-nuxeo-jxlabs-nos-jxl-maste-zwp4m-22[0m stage [32mmeta-pipeline[0m and container [32mstep-working-dir-initializer-8p9bc[0m
{"level":"info","ts":1591099880.2593443,"logger":"fallback-logger","caller":"logging/config.go:69","msg":"Fetch GitHub commit ID from kodata failed: open /var/run/ko/HEAD: no such file or directory"}
{"level":"info","ts":1591099880.2607148,"logger":"fallback-logger","caller":"bash/main.go:64","msg":"Successfully executed command \"sh -c mkdir -p /workspace/source\"; output "}

Showing logs for build [32mmeta-nuxeo-jxlabs-nos-jxl-maste-zwp4m-22[0m stage [32mmeta-pipeline[0m and container [32mstep-place-tools[0m

Showing logs for build [32mmeta-nuxeo-jxlabs-nos-jxl-maste-zwp4m-22[0m stage [32mmeta-pipeline[0m and container [32mstep-git-source-meta-nuxeo-jxlabs-nos-jxl-maste-zwp4m-q7zpf[0m
{"level":"info","ts":1591099886.346181,"logger":"fallback-logger","caller":"logging/config.go:69","msg":"Fetch GitHub commit ID from kodata failed: open /var/run/ko/refs/heads/0.8.0-ns-support: no such file or directory"}
{"level":"info","ts":1591099886.685746,"logger":"fallback-logger","caller":"git/git.go:103","msg":"Successfully cloned https://github.com/nuxeo/**labs-nos-**l.git @ f8e0947c77a173052895c3d701b50ede07e313d4 in path /workspace/source"}

Showing logs for build [32mmeta-nuxeo-jxlabs-nos-jxl-maste-zwp4m-22[0m stage [32mmeta-pipeline[0m and container [32mstep-git-merge[0m
Using SHAs from PULL_REFS=master:f8e0947c77a173052895c3d701b50ede07e313d4
WARNING: no SHAs to merge, falling back to initial cloned commit

Showing logs for build [32mmeta-nuxeo-jxlabs-nos-jxl-maste-zwp4m-22[0m stage [32mmeta-pipeline[0m and container [32mstep-merge-pull-refs[0m
SKIP merge-pull-refs: Nothing to merge

Showing logs for build [32mmeta-nuxeo-jxlabs-nos-jxl-maste-zwp4m-22[0m stage [32mmeta-pipeline[0m and container [32mstep-create-effective-pipeline[0m
Cloning the Jenkins X versions repo https://github.com/nuxeo/**labs-nos-versions.git with ref refs/heads/master to /builder/home/.**/jenkins-x-versions
Effective pipeline written to jenkins-x-release-effective.yml

Showing logs for build [32mmeta-nuxeo-jxlabs-nos-jxl-maste-zwp4m-22[0m stage [32mmeta-pipeline[0m and container [32mstep-create-tekton-crds[0m
running command: ./next-version.sh
++ version=0.0.183-**labs-nos-helm-x
++ echo 0.0.183-**labs-nos-helm-x
++ git tag -f v0.0.183-**labs-nos-helm-x
++ git push -f origin v0.0.183-**labs-nos-helm-x
To https://github.com/nuxeo/**labs-nos-**l.git
 + 4f153e0...f8e0947 v0.0.183-**labs-nos-helm-x -> v0.0.183-**labs-nos-helm-x (forced update)

running command: ** step tag --version \$(cat VERSION)
Updating chart version in charts/**l-boot/Chart.yaml to 0.0.183-**labs-nos-helm-x
Updating repository in charts/**l-boot/values.yaml to gcr.io/build-**-prod/**labs-nos-master/nuxeo/**labs-nos-**l
Updating tag in charts/**l-boot/values.yaml to 0.0.183-**labs-nos-helm-x
error: Have you set up a git credential helper? See https://help.github.com/articles/caching-your-github-password-in-git/
: git output: To https://github.com/nuxeo/**labs-nos-**l.git
 ! [rejected]        v0.0.183-**labs-nos-helm-x -> v0.0.183-**labs-nos-helm-x (already exists)
error: failed to push some refs to 'https://github.com/nuxeo/**labs-nos-**l.git'
hint: Updates were rejected because the tag already exists in the remote.: failed to run 'git push origin v0.0.183-**labs-nos-helm-x' command in directory '', output: 'To https://github.com/nuxeo/**labs-nos-**l.git
 ! [rejected]        v0.0.183-**labs-nos-helm-x -> v0.0.183-**labs-nos-helm-x (already exists)
error: failed to push some refs to 'https://github.com/nuxeo/**labs-nos-**l.git'
hint: Updates were rejected because the tag already exists in the remote.'
error: failed to set the version on release pipelines: failed to run '/bin/sh -c ** step tag --version $(cat VERSION)' command in directory '/workspace/source', output: ''
[31m
Pipeline failed on stage 'meta-pipeline' : container 'step-create-tekton-crds'. The execution of the pipeline has stopped.[0m
