
Showing logs for build [32mmeta-nuxeo-jxlabs-nos-jxl-maste-p4t2v-23[0m stage [32mmeta-pipeline[0m and container [32mstep-credential-initializer-n8zv5[0m
{"level":"info","ts":1591100533.9521656,"logger":"fallback-logger","caller":"logging/config.go:69","msg":"Fetch GitHub commit ID from kodata failed: open /var/run/ko/refs/heads/0.8.0-ns-support: no such file or directory"}
{"level":"info","ts":1591100533.95343,"logger":"fallback-logger","caller":"creds-init/main.go:40","msg":"Credentials initialized."}

Showing logs for build [32mmeta-nuxeo-jxlabs-nos-jxl-maste-p4t2v-23[0m stage [32mmeta-pipeline[0m and container [32mstep-working-dir-initializer-gb5cp[0m
{"level":"info","ts":1591100535.332303,"logger":"fallback-logger","caller":"logging/config.go:69","msg":"Fetch GitHub commit ID from kodata failed: open /var/run/ko/HEAD: no such file or directory"}
{"level":"info","ts":1591100535.3336134,"logger":"fallback-logger","caller":"bash/main.go:64","msg":"Successfully executed command \"sh -c mkdir -p /workspace/source\"; output "}

Showing logs for build [32mmeta-nuxeo-jxlabs-nos-jxl-maste-p4t2v-23[0m stage [32mmeta-pipeline[0m and container [32mstep-place-tools[0m

Showing logs for build [32mmeta-nuxeo-jxlabs-nos-jxl-maste-p4t2v-23[0m stage [32mmeta-pipeline[0m and container [32mstep-git-source-meta-nuxeo-jxlabs-nos-jxl-maste-p4t2v-j9gsj[0m
{"level":"info","ts":1591100541.387593,"logger":"fallback-logger","caller":"logging/config.go:69","msg":"Fetch GitHub commit ID from kodata failed: open /var/run/ko/refs/heads/0.8.0-ns-support: no such file or directory"}
{"level":"info","ts":1591100541.7662115,"logger":"fallback-logger","caller":"git/git.go:103","msg":"Successfully cloned https://github.com/nuxeo/**labs-nos-**l.git @ 9f4faa7b03831e8a56afdd1bdc8f576fb04f3805 in path /workspace/source"}

Showing logs for build [32mmeta-nuxeo-jxlabs-nos-jxl-maste-p4t2v-23[0m stage [32mmeta-pipeline[0m and container [32mstep-git-merge[0m
Using SHAs from PULL_REFS=master:9f4faa7b03831e8a56afdd1bdc8f576fb04f3805
WARNING: no SHAs to merge, falling back to initial cloned commit

Showing logs for build [32mmeta-nuxeo-jxlabs-nos-jxl-maste-p4t2v-23[0m stage [32mmeta-pipeline[0m and container [32mstep-merge-pull-refs[0m
SKIP merge-pull-refs: Nothing to merge

Showing logs for build [32mmeta-nuxeo-jxlabs-nos-jxl-maste-p4t2v-23[0m stage [32mmeta-pipeline[0m and container [32mstep-create-effective-pipeline[0m
Cloning the Jenkins X versions repo https://github.com/nuxeo/**labs-nos-versions.git with ref refs/heads/master to /builder/home/.**/jenkins-x-versions
Effective pipeline written to jenkins-x-release-effective.yml

Showing logs for build [32mmeta-nuxeo-jxlabs-nos-jxl-maste-p4t2v-23[0m stage [32mmeta-pipeline[0m and container [32mstep-create-tekton-crds[0m
running command: ./next-version.sh
++ version=0.0.183-**labs-nos-helm-x
++ echo 0.0.183-**labs-nos-helm-x
++ git remote prune origin
++ git tag -f v0.0.183-**labs-nos-helm-x
++ git push -f origin v0.0.183-**labs-nos-helm-x
To https://github.com/nuxeo/**labs-nos-**l.git
 ! [remote rejected] v0.0.183-**labs-nos-helm-x -> v0.0.183-**labs-nos-helm-x (cannot lock ref 'refs/tags/v0.0.183-**labs-nos-helm-x': is at 9f4faa7b03831e8a56afdd1bdc8f576fb04f3805 but expected f8e0947c77a173052895c3d701b50ede07e313d4)
error: failed to push some refs to 'https://github.com/nuxeo/**labs-nos-**l.git'
error: failed to set the version on release pipelines: failed to run '/bin/sh -c ./next-version.sh' command in directory '/workspace/source', output: ''
[31m
Pipeline failed on stage 'meta-pipeline' : container 'step-create-tekton-crds'. The execution of the pipeline has stopped.[0m
