
Showing logs for build [32mnuxeo-jxlabs-nos-jxl-master-vjcxq-5[0m stage [32mchart[0m and container [32mstep-credential-initializer-zxnmb[0m
{"level":"info","ts":1590268977.7900622,"logger":"fallback-logger","caller":"logging/config.go:69","msg":"Fetch GitHub commit ID from kodata failed: open /var/run/ko/refs/heads/0.8.0-ns-support: no such file or directory"}
{"level":"info","ts":1590268977.7906787,"logger":"fallback-logger","caller":"creds-init/main.go:40","msg":"Credentials initialized."}

Showing logs for build [32mnuxeo-jxlabs-nos-jxl-master-vjcxq-5[0m stage [32mchart[0m and container [32mstep-working-dir-initializer-zv8dd[0m
{"level":"info","ts":1590268978.483039,"logger":"fallback-logger","caller":"logging/config.go:69","msg":"Fetch GitHub commit ID from kodata failed: open /var/run/ko/HEAD: no such file or directory"}
{"level":"info","ts":1590268978.484236,"logger":"fallback-logger","caller":"bash/main.go:64","msg":"Successfully executed command \"sh -c mkdir -p /workspace/source\"; output "}

Showing logs for build [32mnuxeo-jxlabs-nos-jxl-master-vjcxq-5[0m stage [32mchart[0m and container [32mstep-place-tools[0m

Showing logs for build [32mnuxeo-jxlabs-nos-jxl-master-vjcxq-5[0m stage [32mchart[0m and container [32mstep-git-source-nuxeo-jxlabs-nos-jxl-master-vjcxq-hsbsb[0m
{"level":"info","ts":1590268984.730295,"logger":"fallback-logger","caller":"logging/config.go:69","msg":"Fetch GitHub commit ID from kodata failed: open /var/run/ko/refs/heads/0.8.0-ns-support: no such file or directory"}
{"level":"info","ts":1590268985.1015406,"logger":"fallback-logger","caller":"git/git.go:103","msg":"Successfully cloned https://github.com/nuxeo/**labs-nos-**l.git @ v0.0.188 in path /workspace/source"}

Showing logs for build [32mnuxeo-jxlabs-nos-jxl-master-vjcxq-5[0m stage [32mchart[0m and container [32mstep-git-merge[0m
Using SHAs from PULL_REFS=master:447662fce4ab7c1bb9998403525ecb6de929bdb9
WARNING: no SHAs to merge, falling back to initial cloned commit

Showing logs for build [32mnuxeo-jxlabs-nos-jxl-master-vjcxq-5[0m stage [32mchart[0m and container [32mstep-build-and-push-image[0m
enabling GCP Service Account from /secrets/gcr/credentials.json
Activated service account credentials for: [**labs-nos-master-gcr@build-**-prod.iam.gserviceaccount.com]
building container image version: 0.0.188
ERROR: (gcloud.builds.submit) User [**labs-nos-master-gcr@build-**-prod.iam.gserviceaccount.com] does not have permission to access b [jenkinsxio-labs_cloudbuild] (or it may not exist): **labs-nos-master-gcr@build-**-prod.iam.gserviceaccount.com does not have storage.buckets.get access to the Google Cloud Storage bucket.
[31m
Pipeline failed on stage 'chart' : container 'step-build-and-push-image'. The execution of the pipeline has stopped.[0m
