
Showing logs for build [32mmeta-nxmatic-jxlabs-nos-jxl-mas-v9cxx-1[0m stage [32mmeta-pipeline[0m and container [32mstep-credential-initializer-vq6pf[0m
{"level":"info","ts":1588773910.052469,"logger":"fallback-logger","caller":"logging/config.go:69","msg":"Fetch GitHub commit ID from kodata failed: open /var/run/ko/refs/heads/0.8.0-ns-support: no such file or directory"}
{"level":"info","ts":1588773910.0542521,"logger":"fallback-logger","caller":"creds-init/main.go:40","msg":"Credentials initialized."}

Showing logs for build [32mmeta-nxmatic-jxlabs-nos-jxl-mas-v9cxx-1[0m stage [32mmeta-pipeline[0m and container [32mstep-working-dir-initializer-zh28g[0m
{"level":"info","ts":1588773911.1461115,"logger":"fallback-logger","caller":"logging/config.go:69","msg":"Fetch GitHub commit ID from kodata failed: open /var/run/ko/HEAD: no such file or directory"}
{"level":"info","ts":1588773911.1486862,"logger":"fallback-logger","caller":"bash/main.go:64","msg":"Successfully executed command \"sh -c mkdir -p /workspace/source\"; output "}

Showing logs for build [32mmeta-nxmatic-jxlabs-nos-jxl-mas-v9cxx-1[0m stage [32mmeta-pipeline[0m and container [32mstep-place-tools[0m

Showing logs for build [32mmeta-nxmatic-jxlabs-nos-jxl-mas-v9cxx-1[0m stage [32mmeta-pipeline[0m and container [32mstep-git-source-meta-nxmatic-jxlabs-nos-jxl-mas-v9cxx-t944t[0m
{"level":"info","ts":1588773915.1935868,"logger":"fallback-logger","caller":"logging/config.go:69","msg":"Fetch GitHub commit ID from kodata failed: open /var/run/ko/refs/heads/0.8.0-ns-support: no such file or directory"}
{"level":"info","ts":1588773915.5658364,"logger":"fallback-logger","caller":"git/git.go:103","msg":"Successfully cloned https://github.com/*******/**labs-nos-**l.git @ 0c4b6838342f943089459c71838e07b7fc5ec376 in path /workspace/source"}

Showing logs for build [32mmeta-nxmatic-jxlabs-nos-jxl-mas-v9cxx-1[0m stage [32mmeta-pipeline[0m and container [32mstep-git-merge[0m
Using SHAs from PULL_REFS=master:0c4b6838342f943089459c71838e07b7fc5ec376
WARNING: no SHAs to merge, falling back to initial cloned commit

Showing logs for build [32mmeta-nxmatic-jxlabs-nos-jxl-mas-v9cxx-1[0m stage [32mmeta-pipeline[0m and container [32mstep-merge-pull-refs[0m
SKIP merge-pull-refs: Nothing to merge

Showing logs for build [32mmeta-nxmatic-jxlabs-nos-jxl-mas-v9cxx-1[0m stage [32mmeta-pipeline[0m and container [32mstep-create-effective-pipeline[0m
error: failed to fetch master from https://github.com/nxmatoc/**labs-nos-buildpacks.git in directory /builder/home/.**/draft/packs/github.com/nxmatoc/**labs-nos-buildpacks: git output: remote: Repository not found.
fatal: repository 'https://github.com/nxmatoc/**labs-nos-buildpacks.git/' not found: failed to run 'git fetch origin master' command in directory '/builder/home/.**/draft/packs/github.com/nxmatoc/**labs-nos-buildpacks', output: 'remote: Repository not found.
fatal: repository 'https://github.com/nxmatoc/**labs-nos-buildpacks.git/' not found'
[31m
Pipeline failed on stage 'meta-pipeline' : container 'step-create-effective-pipeline'. The execution of the pipeline has stopped.[0m
